<?xml version="1.0" encoding="UTF-8"?>
<testsuite xmlns:xsi="http://www.w3.org/2001/XMLSchema-instance" xsi:noNamespaceSchemaLocation="https://maven.apache.org/surefire/maven-surefire-plugin/xsd/surefire-test-report.xsd" version="3.0.2" name="com.example.demo.UsercourseApplicationTests" time="1.199" tests="1" errors="0" skipped="0" failures="0">
  <properties>
    <property name="java.specification.version" value="17"/>
    <property name="sun.jnu.encoding" value="UTF-8"/>
    <property name="java.class.path" value="/Users/vignakodali/Downloads/demo/target/test-classes:/Users/vignakodali/Downloads/demo/target/classes:/Users/vignakodali/.m2/repository/org/springframework/boot/spring-boot-starter-web/3.4.1/spring-boot-starter-web-3.4.1.jar:/Users/vignakodali/.m2/repository/org/springframework/boot/spring-boot-starter/3.4.1/spring-boot-starter-3.4.1.jar:/Users/vignakodali/.m2/repository/org/springframework/boot/spring-boot/3.4.1/spring-boot-3.4.1.jar:/Users/vignakodali/.m2/repository/org/springframework/boot/spring-boot-autoconfigure/3.4.1/spring-boot-autoconfigure-3.4.1.jar:/Users/vignakodali/.m2/repository/jakarta/annotation/jakarta.annotation-api/2.1.1/jakarta.annotation-api-2.1.1.jar:/Users/vignakodali/.m2/repository/org/yaml/snakeyaml/2.3/snakeyaml-2.3.jar:/Users/vignakodali/.m2/repository/org/springframework/boot/spring-boot-starter-json/3.4.1/spring-boot-starter-json-3.4.1.jar:/Users/vignakodali/.m2/repository/com/fasterxml/jackson/core/jackson-databind/2.18.2/jackson-databind-2.18.2.jar:/Users/vignakodali/.m2/repository/com/fasterxml/jackson/core/jackson-annotations/2.18.2/jackson-annotations-2.18.2.jar:/Users/vignakodali/.m2/repository/com/fasterxml/jackson/core/jackson-core/2.18.2/jackson-core-2.18.2.jar:/Users/vignakodali/.m2/repository/com/fasterxml/jackson/datatype/jackson-datatype-jdk8/2.18.2/jackson-datatype-jdk8-2.18.2.jar:/Users/vignakodali/.m2/repository/com/fasterxml/jackson/datatype/jackson-datatype-jsr310/2.18.2/jackson-datatype-jsr310-2.18.2.jar:/Users/vignakodali/.m2/repository/com/fasterxml/jackson/module/jackson-module-parameter-names/2.18.2/jackson-module-parameter-names-2.18.2.jar:/Users/vignakodali/.m2/repository/org/springframework/boot/spring-boot-starter-tomcat/3.4.1/spring-boot-starter-tomcat-3.4.1.jar:/Users/vignakodali/.m2/repository/org/apache/tomcat/embed/tomcat-embed-core/10.1.34/tomcat-embed-core-10.1.34.jar:/Users/vignakodali/.m2/repository/org/apache/tomcat/embed/tomcat-embed-el/10.1.34/tomcat-embed-el-10.1.34.jar:/Users/vignakodali/.m2/repository/org/apache/tomcat/embed/tomcat-embed-websocket/10.1.34/tomcat-embed-websocket-10.1.34.jar:/Users/vignakodali/.m2/repository/org/springframework/spring-web/6.2.1/spring-web-6.2.1.jar:/Users/vignakodali/.m2/repository/org/springframework/spring-beans/6.2.1/spring-beans-6.2.1.jar:/Users/vignakodali/.m2/repository/io/micrometer/micrometer-observation/1.14.2/micrometer-observation-1.14.2.jar:/Users/vignakodali/.m2/repository/io/micrometer/micrometer-commons/1.14.2/micrometer-commons-1.14.2.jar:/Users/vignakodali/.m2/repository/org/springframework/spring-webmvc/6.2.1/spring-webmvc-6.2.1.jar:/Users/vignakodali/.m2/repository/org/springframework/spring-aop/6.2.1/spring-aop-6.2.1.jar:/Users/vignakodali/.m2/repository/org/springframework/spring-context/6.2.1/spring-context-6.2.1.jar:/Users/vignakodali/.m2/repository/org/springframework/spring-expression/6.2.1/spring-expression-6.2.1.jar:/Users/vignakodali/.m2/repository/software/amazon/awssdk/dynamodb/2.21.0/dynamodb-2.21.0.jar:/Users/vignakodali/.m2/repository/software/amazon/awssdk/aws-json-protocol/2.21.0/aws-json-protocol-2.21.0.jar:/Users/vignakodali/.m2/repository/software/amazon/awssdk/third-party-jackson-core/2.21.0/third-party-jackson-core-2.21.0.jar:/Users/vignakodali/.m2/repository/software/amazon/awssdk/protocol-core/2.21.0/protocol-core-2.21.0.jar:/Users/vignakodali/.m2/repository/software/amazon/awssdk/profiles/2.21.0/profiles-2.21.0.jar:/Users/vignakodali/.m2/repository/software/amazon/awssdk/http-auth-aws/2.21.0/http-auth-aws-2.21.0.jar:/Users/vignakodali/.m2/repository/software/amazon/awssdk/checksums-spi/2.21.0/checksums-spi-2.21.0.jar:/Users/vignakodali/.m2/repository/software/amazon/awssdk/checksums/2.21.0/checksums-2.21.0.jar:/Users/vignakodali/.m2/repository/software/amazon/awssdk/sdk-core/2.21.0/sdk-core-2.21.0.jar:/Users/vignakodali/.m2/repository/org/slf4j/slf4j-api/2.0.16/slf4j-api-2.0.16.jar:/Users/vignakodali/.m2/repository/org/reactivestreams/reactive-streams/1.0.4/reactive-streams-1.0.4.jar:/Users/vignakodali/.m2/repository/software/amazon/awssdk/auth/2.21.0/auth-2.21.0.jar:/Users/vignakodali/.m2/repository/software/amazon/eventstream/eventstream/1.0.1/eventstream-1.0.1.jar:/Users/vignakodali/.m2/repository/software/amazon/awssdk/http-auth-spi/2.21.0/http-auth-spi-2.21.0.jar:/Users/vignakodali/.m2/repository/software/amazon/awssdk/http-auth/2.21.0/http-auth-2.21.0.jar:/Users/vignakodali/.m2/repository/software/amazon/awssdk/identity-spi/2.21.0/identity-spi-2.21.0.jar:/Users/vignakodali/.m2/repository/software/amazon/awssdk/http-client-spi/2.21.0/http-client-spi-2.21.0.jar:/Users/vignakodali/.m2/repository/software/amazon/awssdk/regions/2.21.0/regions-2.21.0.jar:/Users/vignakodali/.m2/repository/software/amazon/awssdk/annotations/2.21.0/annotations-2.21.0.jar:/Users/vignakodali/.m2/repository/software/amazon/awssdk/utils/2.21.0/utils-2.21.0.jar:/Users/vignakodali/.m2/repository/software/amazon/awssdk/aws-core/2.21.0/aws-core-2.21.0.jar:/Users/vignakodali/.m2/repository/software/amazon/awssdk/metrics-spi/2.21.0/metrics-spi-2.21.0.jar:/Users/vignakodali/.m2/repository/software/amazon/awssdk/json-utils/2.21.0/json-utils-2.21.0.jar:/Users/vignakodali/.m2/repository/software/amazon/awssdk/endpoints-spi/2.21.0/endpoints-spi-2.21.0.jar:/Users/vignakodali/.m2/repository/software/amazon/awssdk/apache-client/2.21.0/apache-client-2.21.0.jar:/Users/vignakodali/.m2/repository/org/apache/httpcomponents/httpclient/4.5.13/httpclient-4.5.13.jar:/Users/vignakodali/.m2/repository/commons-logging/commons-logging/1.2/commons-logging-1.2.jar:/Users/vignakodali/.m2/repository/org/apache/httpcomponents/httpcore/4.4.16/httpcore-4.4.16.jar:/Users/vignakodali/.m2/repository/commons-codec/commons-codec/1.17.1/commons-codec-1.17.1.jar:/Users/vignakodali/.m2/repository/software/amazon/awssdk/netty-nio-client/2.21.0/netty-nio-client-2.21.0.jar:/Users/vignakodali/.m2/repository/io/netty/netty-codec-http/4.1.116.Final/netty-codec-http-4.1.116.Final.jar:/Users/vignakodali/.m2/repository/io/netty/netty-codec-http2/4.1.116.Final/netty-codec-http2-4.1.116.Final.jar:/Users/vignakodali/.m2/repository/io/netty/netty-codec/4.1.116.Final/netty-codec-4.1.116.Final.jar:/Users/vignakodali/.m2/repository/io/netty/netty-transport/4.1.116.Final/netty-transport-4.1.116.Final.jar:/Users/vignakodali/.m2/repository/io/netty/netty-common/4.1.116.Final/netty-common-4.1.116.Final.jar:/Users/vignakodali/.m2/repository/io/netty/netty-buffer/4.1.116.Final/netty-buffer-4.1.116.Final.jar:/Users/vignakodali/.m2/repository/io/netty/netty-handler/4.1.116.Final/netty-handler-4.1.116.Final.jar:/Users/vignakodali/.m2/repository/io/netty/netty-transport-native-unix-common/4.1.116.Final/netty-transport-native-unix-common-4.1.116.Final.jar:/Users/vignakodali/.m2/repository/io/netty/netty-transport-classes-epoll/4.1.116.Final/netty-transport-classes-epoll-4.1.116.Final.jar:/Users/vignakodali/.m2/repository/io/netty/netty-resolver/4.1.116.Final/netty-resolver-4.1.116.Final.jar:/Users/vignakodali/.m2/repository/software/amazon/awssdk/dynamodb-enhanced/2.21.0/dynamodb-enhanced-2.21.0.jar:/Users/vignakodali/.m2/repository/org/springframework/boot/spring-boot-starter-logging/3.4.1/spring-boot-starter-logging-3.4.1.jar:/Users/vignakodali/.m2/repository/ch/qos/logback/logback-classic/1.5.12/logback-classic-1.5.12.jar:/Users/vignakodali/.m2/repository/ch/qos/logback/logback-core/1.5.12/logback-core-1.5.12.jar:/Users/vignakodali/.m2/repository/org/apache/logging/log4j/log4j-to-slf4j/2.24.3/log4j-to-slf4j-2.24.3.jar:/Users/vignakodali/.m2/repository/org/apache/logging/log4j/log4j-api/2.24.3/log4j-api-2.24.3.jar:/Users/vignakodali/.m2/repository/org/slf4j/jul-to-slf4j/2.0.16/jul-to-slf4j-2.0.16.jar:/Users/vignakodali/.m2/repository/org/springframework/boot/spring-boot-starter-test/3.4.1/spring-boot-starter-test-3.4.1.jar:/Users/vignakodali/.m2/repository/org/springframework/boot/spring-boot-test/3.4.1/spring-boot-test-3.4.1.jar:/Users/vignakodali/.m2/repository/org/springframework/boot/spring-boot-test-autoconfigure/3.4.1/spring-boot-test-autoconfigure-3.4.1.jar:/Users/vignakodali/.m2/repository/com/jayway/jsonpath/json-path/2.9.0/json-path-2.9.0.jar:/Users/vignakodali/.m2/repository/jakarta/xml/bind/jakarta.xml.bind-api/4.0.2/jakarta.xml.bind-api-4.0.2.jar:/Users/vignakodali/.m2/repository/jakarta/activation/jakarta.activation-api/2.1.3/jakarta.activation-api-2.1.3.jar:/Users/vignakodali/.m2/repository/net/minidev/json-smart/2.5.1/json-smart-2.5.1.jar:/Users/vignakodali/.m2/repository/net/minidev/accessors-smart/2.5.1/accessors-smart-2.5.1.jar:/Users/vignakodali/.m2/repository/org/ow2/asm/asm/9.6/asm-9.6.jar:/Users/vignakodali/.m2/repository/org/assertj/assertj-core/3.26.3/assertj-core-3.26.3.jar:/Users/vignakodali/.m2/repository/net/bytebuddy/byte-buddy/1.15.11/byte-buddy-1.15.11.jar:/Users/vignakodali/.m2/repository/org/awaitility/awaitility/4.2.2/awaitility-4.2.2.jar:/Users/vignakodali/.m2/repository/org/hamcrest/hamcrest/2.2/hamcrest-2.2.jar:/Users/vignakodali/.m2/repository/org/junit/jupiter/junit-jupiter/5.11.4/junit-jupiter-5.11.4.jar:/Users/vignakodali/.m2/repository/org/junit/jupiter/junit-jupiter-api/5.11.4/junit-jupiter-api-5.11.4.jar:/Users/vignakodali/.m2/repository/org/opentest4j/opentest4j/1.3.0/opentest4j-1.3.0.jar:/Users/vignakodali/.m2/repository/org/junit/platform/junit-platform-commons/1.11.4/junit-platform-commons-1.11.4.jar:/Users/vignakodali/.m2/repository/org/apiguardian/apiguardian-api/1.1.2/apiguardian-api-1.1.2.jar:/Users/vignakodali/.m2/repository/org/junit/jupiter/junit-jupiter-params/5.11.4/junit-jupiter-params-5.11.4.jar:/Users/vignakodali/.m2/repository/org/junit/jupiter/junit-jupiter-engine/5.11.4/junit-jupiter-engine-5.11.4.jar:/Users/vignakodali/.m2/repository/org/junit/platform/junit-platform-engine/1.11.4/junit-platform-engine-1.11.4.jar:/Users/vignakodali/.m2/repository/org/mockito/mockito-core/5.14.2/mockito-core-5.14.2.jar:/Users/vignakodali/.m2/repository/net/bytebuddy/byte-buddy-agent/1.15.11/byte-buddy-agent-1.15.11.jar:/Users/vignakodali/.m2/repository/org/objenesis/objenesis/3.3/objenesis-3.3.jar:/Users/vignakodali/.m2/repository/org/mockito/mockito-junit-jupiter/5.14.2/mockito-junit-jupiter-5.14.2.jar:/Users/vignakodali/.m2/repository/org/skyscreamer/jsonassert/1.5.3/jsonassert-1.5.3.jar:/Users/vignakodali/.m2/repository/com/vaadin/external/google/android-json/0.0.20131108.vaadin1/android-json-0.0.20131108.vaadin1.jar:/Users/vignakodali/.m2/repository/org/springframework/spring-core/6.2.1/spring-core-6.2.1.jar:/Users/vignakodali/.m2/repository/org/springframework/spring-jcl/6.2.1/spring-jcl-6.2.1.jar:/Users/vignakodali/.m2/repository/org/springframework/spring-test/6.2.1/spring-test-6.2.1.jar:/Users/vignakodali/.m2/repository/org/xmlunit/xmlunit-core/2.10.0/xmlunit-core-2.10.0.jar:"/>
    <property name="java.vm.vendor" value="Homebrew"/>
    <property name="sun.arch.data.model" value="64"/>
    <property name="java.vendor.url" value="https://github.com/Homebrew/homebrew-core/issues"/>
    <property name="user.timezone" value="America/Los_Angeles"/>
    <property name="os.name" value="Mac OS X"/>
    <property name="java.vm.specification.version" value="17"/>
    <property name="APPLICATION_NAME" value="usercourse"/>
    <property name="sun.java.launcher" value="SUN_STANDARD"/>
    <property name="user.country" value="US"/>
    <property name="sun.boot.library.path" value="/opt/homebrew/Cellar/openjdk@17/17.0.13/libexec/openjdk.jdk/Contents/Home/lib"/>
    <property name="sun.java.command" value="/Users/vignakodali/Downloads/demo/target/surefire/surefirebooter-20241229130159919_3.jar /Users/vignakodali/Downloads/demo/target/surefire 2024-12-29T13-01-59_881-jvmRun1 surefire-20241229130159919_1tmp surefire_0-20241229130159919_2tmp"/>
    <property name="http.nonProxyHosts" value="local|*.local|169.254/16|*.169.254/16"/>
    <property name="jdk.debug" value="release"/>
    <property name="surefire.test.class.path" value="/Users/vignakodali/Downloads/demo/target/test-classes:/Users/vignakodali/Downloads/demo/target/classes:/Users/vignakodali/.m2/repository/org/springframework/boot/spring-boot-starter-web/3.4.1/spring-boot-starter-web-3.4.1.jar:/Users/vignakodali/.m2/repository/org/springframework/boot/spring-boot-starter/3.4.1/spring-boot-starter-3.4.1.jar:/Users/vignakodali/.m2/repository/org/springframework/boot/spring-boot/3.4.1/spring-boot-3.4.1.jar:/Users/vignakodali/.m2/repository/org/springframework/boot/spring-boot-autoconfigure/3.4.1/spring-boot-autoconfigure-3.4.1.jar:/Users/vignakodali/.m2/repository/jakarta/annotation/jakarta.annotation-api/2.1.1/jakarta.annotation-api-2.1.1.jar:/Users/vignakodali/.m2/repository/org/yaml/snakeyaml/2.3/snakeyaml-2.3.jar:/Users/vignakodali/.m2/repository/org/springframework/boot/spring-boot-starter-json/3.4.1/spring-boot-starter-json-3.4.1.jar:/Users/vignakodali/.m2/repository/com/fasterxml/jackson/core/jackson-databind/2.18.2/jackson-databind-2.18.2.jar:/Users/vignakodali/.m2/repository/com/fasterxml/jackson/core/jackson-annotations/2.18.2/jackson-annotations-2.18.2.jar:/Users/vignakodali/.m2/repository/com/fasterxml/jackson/core/jackson-core/2.18.2/jackson-core-2.18.2.jar:/Users/vignakodali/.m2/repository/com/fasterxml/jackson/datatype/jackson-datatype-jdk8/2.18.2/jackson-datatype-jdk8-2.18.2.jar:/Users/vignakodali/.m2/repository/com/fasterxml/jackson/datatype/jackson-datatype-jsr310/2.18.2/jackson-datatype-jsr310-2.18.2.jar:/Users/vignakodali/.m2/repository/com/fasterxml/jackson/module/jackson-module-parameter-names/2.18.2/jackson-module-parameter-names-2.18.2.jar:/Users/vignakodali/.m2/repository/org/springframework/boot/spring-boot-starter-tomcat/3.4.1/spring-boot-starter-tomcat-3.4.1.jar:/Users/vignakodali/.m2/repository/org/apache/tomcat/embed/tomcat-embed-core/10.1.34/tomcat-embed-core-10.1.34.jar:/Users/vignakodali/.m2/repository/org/apache/tomcat/embed/tomcat-embed-el/10.1.34/tomcat-embed-el-10.1.34.jar:/Users/vignakodali/.m2/repository/org/apache/tomcat/embed/tomcat-embed-websocket/10.1.34/tomcat-embed-websocket-10.1.34.jar:/Users/vignakodali/.m2/repository/org/springframework/spring-web/6.2.1/spring-web-6.2.1.jar:/Users/vignakodali/.m2/repository/org/springframework/spring-beans/6.2.1/spring-beans-6.2.1.jar:/Users/vignakodali/.m2/repository/io/micrometer/micrometer-observation/1.14.2/micrometer-observation-1.14.2.jar:/Users/vignakodali/.m2/repository/io/micrometer/micrometer-commons/1.14.2/micrometer-commons-1.14.2.jar:/Users/vignakodali/.m2/repository/org/springframework/spring-webmvc/6.2.1/spring-webmvc-6.2.1.jar:/Users/vignakodali/.m2/repository/org/springframework/spring-aop/6.2.1/spring-aop-6.2.1.jar:/Users/vignakodali/.m2/repository/org/springframework/spring-context/6.2.1/spring-context-6.2.1.jar:/Users/vignakodali/.m2/repository/org/springframework/spring-expression/6.2.1/spring-expression-6.2.1.jar:/Users/vignakodali/.m2/repository/software/amazon/awssdk/dynamodb/2.21.0/dynamodb-2.21.0.jar:/Users/vignakodali/.m2/repository/software/amazon/awssdk/aws-json-protocol/2.21.0/aws-json-protocol-2.21.0.jar:/Users/vignakodali/.m2/repository/software/amazon/awssdk/third-party-jackson-core/2.21.0/third-party-jackson-core-2.21.0.jar:/Users/vignakodali/.m2/repository/software/amazon/awssdk/protocol-core/2.21.0/protocol-core-2.21.0.jar:/Users/vignakodali/.m2/repository/software/amazon/awssdk/profiles/2.21.0/profiles-2.21.0.jar:/Users/vignakodali/.m2/repository/software/amazon/awssdk/http-auth-aws/2.21.0/http-auth-aws-2.21.0.jar:/Users/vignakodali/.m2/repository/software/amazon/awssdk/checksums-spi/2.21.0/checksums-spi-2.21.0.jar:/Users/vignakodali/.m2/repository/software/amazon/awssdk/checksums/2.21.0/checksums-2.21.0.jar:/Users/vignakodali/.m2/repository/software/amazon/awssdk/sdk-core/2.21.0/sdk-core-2.21.0.jar:/Users/vignakodali/.m2/repository/org/slf4j/slf4j-api/2.0.16/slf4j-api-2.0.16.jar:/Users/vignakodali/.m2/repository/org/reactivestreams/reactive-streams/1.0.4/reactive-streams-1.0.4.jar:/Users/vignakodali/.m2/repository/software/amazon/awssdk/auth/2.21.0/auth-2.21.0.jar:/Users/vignakodali/.m2/repository/software/amazon/eventstream/eventstream/1.0.1/eventstream-1.0.1.jar:/Users/vignakodali/.m2/repository/software/amazon/awssdk/http-auth-spi/2.21.0/http-auth-spi-2.21.0.jar:/Users/vignakodali/.m2/repository/software/amazon/awssdk/http-auth/2.21.0/http-auth-2.21.0.jar:/Users/vignakodali/.m2/repository/software/amazon/awssdk/identity-spi/2.21.0/identity-spi-2.21.0.jar:/Users/vignakodali/.m2/repository/software/amazon/awssdk/http-client-spi/2.21.0/http-client-spi-2.21.0.jar:/Users/vignakodali/.m2/repository/software/amazon/awssdk/regions/2.21.0/regions-2.21.0.jar:/Users/vignakodali/.m2/repository/software/amazon/awssdk/annotations/2.21.0/annotations-2.21.0.jar:/Users/vignakodali/.m2/repository/software/amazon/awssdk/utils/2.21.0/utils-2.21.0.jar:/Users/vignakodali/.m2/repository/software/amazon/awssdk/aws-core/2.21.0/aws-core-2.21.0.jar:/Users/vignakodali/.m2/repository/software/amazon/awssdk/metrics-spi/2.21.0/metrics-spi-2.21.0.jar:/Users/vignakodali/.m2/repository/software/amazon/awssdk/json-utils/2.21.0/json-utils-2.21.0.jar:/Users/vignakodali/.m2/repository/software/amazon/awssdk/endpoints-spi/2.21.0/endpoints-spi-2.21.0.jar:/Users/vignakodali/.m2/repository/software/amazon/awssdk/apache-client/2.21.0/apache-client-2.21.0.jar:/Users/vignakodali/.m2/repository/org/apache/httpcomponents/httpclient/4.5.13/httpclient-4.5.13.jar:/Users/vignakodali/.m2/repository/commons-logging/commons-logging/1.2/commons-logging-1.2.jar:/Users/vignakodali/.m2/repository/org/apache/httpcomponents/httpcore/4.4.16/httpcore-4.4.16.jar:/Users/vignakodali/.m2/repository/commons-codec/commons-codec/1.17.1/commons-codec-1.17.1.jar:/Users/vignakodali/.m2/repository/software/amazon/awssdk/netty-nio-client/2.21.0/netty-nio-client-2.21.0.jar:/Users/vignakodali/.m2/repository/io/netty/netty-codec-http/4.1.116.Final/netty-codec-http-4.1.116.Final.jar:/Users/vignakodali/.m2/repository/io/netty/netty-codec-http2/4.1.116.Final/netty-codec-http2-4.1.116.Final.jar:/Users/vignakodali/.m2/repository/io/netty/netty-codec/4.1.116.Final/netty-codec-4.1.116.Final.jar:/Users/vignakodali/.m2/repository/io/netty/netty-transport/4.1.116.Final/netty-transport-4.1.116.Final.jar:/Users/vignakodali/.m2/repository/io/netty/netty-common/4.1.116.Final/netty-common-4.1.116.Final.jar:/Users/vignakodali/.m2/repository/io/netty/netty-buffer/4.1.116.Final/netty-buffer-4.1.116.Final.jar:/Users/vignakodali/.m2/repository/io/netty/netty-handler/4.1.116.Final/netty-handler-4.1.116.Final.jar:/Users/vignakodali/.m2/repository/io/netty/netty-transport-native-unix-common/4.1.116.Final/netty-transport-native-unix-common-4.1.116.Final.jar:/Users/vignakodali/.m2/repository/io/netty/netty-transport-classes-epoll/4.1.116.Final/netty-transport-classes-epoll-4.1.116.Final.jar:/Users/vignakodali/.m2/repository/io/netty/netty-resolver/4.1.116.Final/netty-resolver-4.1.116.Final.jar:/Users/vignakodali/.m2/repository/software/amazon/awssdk/dynamodb-enhanced/2.21.0/dynamodb-enhanced-2.21.0.jar:/Users/vignakodali/.m2/repository/org/springframework/boot/spring-boot-starter-logging/3.4.1/spring-boot-starter-logging-3.4.1.jar:/Users/vignakodali/.m2/repository/ch/qos/logback/logback-classic/1.5.12/logback-classic-1.5.12.jar:/Users/vignakodali/.m2/repository/ch/qos/logback/logback-core/1.5.12/logback-core-1.5.12.jar:/Users/vignakodali/.m2/repository/org/apache/logging/log4j/log4j-to-slf4j/2.24.3/log4j-to-slf4j-2.24.3.jar:/Users/vignakodali/.m2/repository/org/apache/logging/log4j/log4j-api/2.24.3/log4j-api-2.24.3.jar:/Users/vignakodali/.m2/repository/org/slf4j/jul-to-slf4j/2.0.16/jul-to-slf4j-2.0.16.jar:/Users/vignakodali/.m2/repository/org/springframework/boot/spring-boot-starter-test/3.4.1/spring-boot-starter-test-3.4.1.jar:/Users/vignakodali/.m2/repository/org/springframework/boot/spring-boot-test/3.4.1/spring-boot-test-3.4.1.jar:/Users/vignakodali/.m2/repository/org/springframework/boot/spring-boot-test-autoconfigure/3.4.1/spring-boot-test-autoconfigure-3.4.1.jar:/Users/vignakodali/.m2/repository/com/jayway/jsonpath/json-path/2.9.0/json-path-2.9.0.jar:/Users/vignakodali/.m2/repository/jakarta/xml/bind/jakarta.xml.bind-api/4.0.2/jakarta.xml.bind-api-4.0.2.jar:/Users/vignakodali/.m2/repository/jakarta/activation/jakarta.activation-api/2.1.3/jakarta.activation-api-2.1.3.jar:/Users/vignakodali/.m2/repository/net/minidev/json-smart/2.5.1/json-smart-2.5.1.jar:/Users/vignakodali/.m2/repository/net/minidev/accessors-smart/2.5.1/accessors-smart-2.5.1.jar:/Users/vignakodali/.m2/repository/org/ow2/asm/asm/9.6/asm-9.6.jar:/Users/vignakodali/.m2/repository/org/assertj/assertj-core/3.26.3/assertj-core-3.26.3.jar:/Users/vignakodali/.m2/repository/net/bytebuddy/byte-buddy/1.15.11/byte-buddy-1.15.11.jar:/Users/vignakodali/.m2/repository/org/awaitility/awaitility/4.2.2/awaitility-4.2.2.jar:/Users/vignakodali/.m2/repository/org/hamcrest/hamcrest/2.2/hamcrest-2.2.jar:/Users/vignakodali/.m2/repository/org/junit/jupiter/junit-jupiter/5.11.4/junit-jupiter-5.11.4.jar:/Users/vignakodali/.m2/repository/org/junit/jupiter/junit-jupiter-api/5.11.4/junit-jupiter-api-5.11.4.jar:/Users/vignakodali/.m2/repository/org/opentest4j/opentest4j/1.3.0/opentest4j-1.3.0.jar:/Users/vignakodali/.m2/repository/org/junit/platform/junit-platform-commons/1.11.4/junit-platform-commons-1.11.4.jar:/Users/vignakodali/.m2/repository/org/apiguardian/apiguardian-api/1.1.2/apiguardian-api-1.1.2.jar:/Users/vignakodali/.m2/repository/org/junit/jupiter/junit-jupiter-params/5.11.4/junit-jupiter-params-5.11.4.jar:/Users/vignakodali/.m2/repository/org/junit/jupiter/junit-jupiter-engine/5.11.4/junit-jupiter-engine-5.11.4.jar:/Users/vignakodali/.m2/repository/org/junit/platform/junit-platform-engine/1.11.4/junit-platform-engine-1.11.4.jar:/Users/vignakodali/.m2/repository/org/mockito/mockito-core/5.14.2/mockito-core-5.14.2.jar:/Users/vignakodali/.m2/repository/net/bytebuddy/byte-buddy-agent/1.15.11/byte-buddy-agent-1.15.11.jar:/Users/vignakodali/.m2/repository/org/objenesis/objenesis/3.3/objenesis-3.3.jar:/Users/vignakodali/.m2/repository/org/mockito/mockito-junit-jupiter/5.14.2/mockito-junit-jupiter-5.14.2.jar:/Users/vignakodali/.m2/repository/org/skyscreamer/jsonassert/1.5.3/jsonassert-1.5.3.jar:/Users/vignakodali/.m2/repository/com/vaadin/external/google/android-json/0.0.20131108.vaadin1/android-json-0.0.20131108.vaadin1.jar:/Users/vignakodali/.m2/repository/org/springframework/spring-core/6.2.1/spring-core-6.2.1.jar:/Users/vignakodali/.m2/repository/org/springframework/spring-jcl/6.2.1/spring-jcl-6.2.1.jar:/Users/vignakodali/.m2/repository/org/springframework/spring-test/6.2.1/spring-test-6.2.1.jar:/Users/vignakodali/.m2/repository/org/xmlunit/xmlunit-core/2.10.0/xmlunit-core-2.10.0.jar:"/>
    <property name="sun.cpu.endian" value="little"/>
    <property name="user.home" value="/Users/vignakodali"/>
    <property name="user.language" value="en"/>
    <property name="java.specification.vendor" value="Oracle Corporation"/>
    <property name="java.version.date" value="2024-10-15"/>
    <property name="java.home" value="/opt/homebrew/Cellar/openjdk@17/17.0.13/libexec/openjdk.jdk/Contents/Home"/>
    <property name="file.separator" value="/"/>
    <property name="basedir" value="/Users/vignakodali/Downloads/demo"/>
    <property name="java.vm.compressedOopsMode" value="Zero based"/>
    <property name="line.separator" value="&#10;"/>
    <property name="java.vm.specification.vendor" value="Oracle Corporation"/>
    <property name="java.specification.name" value="Java Platform API Specification"/>
    <property name="FILE_LOG_CHARSET" value="UTF-8"/>
    <property name="java.awt.headless" value="true"/>
    <property name="surefire.real.class.path" value="/Users/vignakodali/Downloads/demo/target/surefire/surefirebooter-20241229130159919_3.jar"/>
    <property name="sun.management.compiler" value="HotSpot 64-Bit Tiered Compilers"/>
    <property name="ftp.nonProxyHosts" value="local|*.local|169.254/16|*.169.254/16"/>
    <property name="java.runtime.version" value="17.0.13+0"/>
    <property name="user.name" value="vignakodali"/>
    <property name="path.separator" value=":"/>
    <property name="os.version" value="15.2"/>
    <property name="java.runtime.name" value="OpenJDK Runtime Environment"/>
    <property name="file.encoding" value="UTF-8"/>
    <property name="java.vm.name" value="OpenJDK 64-Bit Server VM"/>
    <property name="java.vendor.version" value="Homebrew"/>
    <property name="localRepository" value="/Users/vignakodali/.m2/repository"/>
    <property name="java.vendor.url.bug" value="https://github.com/Homebrew/homebrew-core/issues"/>
    <property name="java.io.tmpdir" value="/var/folders/5z/d5jynh3j7gg5q9x_rtvdbmlw0000gn/T/"/>
    <property name="java.version" value="17.0.13"/>
    <property name="user.dir" value="/Users/vignakodali/Downloads/demo"/>
    <property name="os.arch" value="aarch64"/>
    <property name="java.vm.specification.name" value="Java Virtual Machine Specification"/>
    <property name="PID" value="68609"/>
    <property name="CONSOLE_LOG_CHARSET" value="UTF-8"/>
    <property name="native.encoding" value="UTF-8"/>
    <property name="java.library.path" value="/Users/vignakodali/Library/Java/Extensions:/Library/Java/Extensions:/Network/Library/Java/Extensions:/System/Library/Java/Extensions:/usr/lib/java:."/>
    <property name="java.vm.info" value="mixed mode, sharing"/>
    <property name="java.vendor" value="Homebrew"/>
    <property name="java.vm.version" value="17.0.13+0"/>
    <property name="java.specification.maintenance.version" value="1"/>
    <property name="sun.io.unicode.encoding" value="UnicodeBig"/>
    <property name="socksNonProxyHosts" value="local|*.local|169.254/16|*.169.254/16"/>
    <property name="java.class.version" value="61.0"/>
    <property name="LOGGED_APPLICATION_NAME" value="[usercourse] "/>
  </properties>
  <testcase name="contextLoads" classname="com.example.demo.UsercourseApplicationTests" time="0.333">
    <system-out><![CDATA[Standard Commons Logging discovery in action with spring-jcl: please remove commons-logging.jar from classpath in order to avoid potential conflicts
13:02:00.215 [main] INFO org.springframework.test.context.support.AnnotationConfigContextLoaderUtils -- Could not detect default configuration classes for test class [com.example.demo.UsercourseApplicationTests]: UsercourseApplicationTests does not declare any static, non-private, non-final, nested classes annotated with @Configuration.
13:02:00.258 [main] INFO org.springframework.boot.test.context.SpringBootTestContextBootstrapper -- Found @SpringBootConfiguration com.example.demo.UsercourseApplication for test class com.example.demo.UsercourseApplicationTests

  .   ____          _            __ _ _
 /\\ / ___'_ __ _ _(_)_ __  __ _ \ \ \ \
( ( )\___ | '_ | '_| | '_ \/ _` | \ \ \ \
 \\/  ___)| |_)| | | | | || (_| |  ) ) ) )
  '  |____| .__|_| |_|_| |_\__, | / / / /
 =========|_|==============|___/=/_/_/_/

 :: Spring Boot ::                (v3.4.1)

2024-12-29T13:02:00.399-08:00  INFO 68609 --- [usercourse] [           main] c.e.demo.UsercourseApplicationTests      : Starting UsercourseApplicationTests using Java 17.0.13 with PID 68609 (started by vignakodali in /Users/vignakodali/Downloads/demo)
2024-12-29T13:02:00.400-08:00  INFO 68609 --- [usercourse] [           main] c.e.demo.UsercourseApplicationTests      : No active profile set, falling back to 1 default profile: "default"
2024-12-29T13:02:01.006-08:00  INFO 68609 --- [usercourse] [           main] c.e.demo.UsercourseApplicationTests      : Started UsercourseApplicationTests in 0.702 seconds (process running for 1.047)
]]></system-out>
  </testcase>
</testsuite>